[2025-04-16 18:32:21] Starting Adumb bot...
[2025-04-16 18:33:37] Watchdog interrupted. Shutting down.
[2025-04-16 18:33:47] Starting Adumb bot...
[2025-04-16 18:33:47] Bot exited with code 0
[2025-04-16 18:33:47] Bot exited cleanly. Watchdog will stop.
[2025-04-16 18:33:53] Starting Adumb bot...
[2025-04-16 18:33:53] Bot exited with code 0
[2025-04-16 18:33:53] Bot exited cleanly. Watchdog will stop.
[2025-04-16 18:35:17] Starting Adumb bot...
[2025-04-16 18:35:28] Bot exited with code 1
[2025-04-16 18:35:28] Bot crashed. Restarting in a few seconds...
[2025-04-16 18:35:31] Starting Adumb bot...
[2025-04-16 18:35:42] Bot exited with code 1
[2025-04-16 18:35:42] Bot crashed. Restarting in a few seconds...
[2025-04-16 18:35:45] Starting Adumb bot...
[2025-04-16 18:36:02] Bot exited with code 1
[2025-04-16 18:36:02] Bot crashed. Restarting in a few seconds...
[2025-04-16 18:36:05] Starting Adumb bot...
[2025-04-16 18:36:26] Bot exited with code 1
[2025-04-16 18:36:26] Bot crashed. Restarting in a few seconds...
[2025-04-16 18:36:29] Starting Adumb bot...
[2025-04-16 18:36:45] Watchdog interrupted. Shutting down.
[2025-04-16 18:38:07] Starting Adumb bot...
[2025-04-16 18:38:11] Bot exited with code 1
[2025-04-16 18:38:11] Bot crashed. Restarting in a few seconds...
[2025-04-16 18:38:14] Starting Adumb bot...
[2025-04-16 18:38:17] Bot exited with code 1
[2025-04-16 18:38:17] Bot crashed. Restarting in a few seconds...
[2025-04-16 18:38:20] Starting Adumb bot...
[2025-04-16 18:38:24] Bot exited with code 1
[2025-04-16 18:38:24] Bot crashed. Restarting in a few seconds...
[2025-04-16 18:38:27] Starting Adumb bot...
[2025-04-16 18:38:30] Bot exited with code 1
[2025-04-16 18:38:30] Bot crashed. Restarting in a few seconds...
[2025-04-16 18:38:31] Watchdog interrupted. Shutting down.
[2025-04-16 18:39:09] Starting Adumb bot...
[2025-04-16 18:39:25] Bot exited with code 1
[2025-04-16 18:39:25] Bot crashed. Restarting in a few seconds...
[2025-04-16 18:39:28] Starting Adumb bot...
[2025-04-16 18:53:38] Watchdog interrupted. Shutting down.
[2025-04-17 22:02:32] Starting Adumb bot...
[2025-04-17 22:04:14] Bot exited with code 1
[2025-04-17 22:04:14] Bot crashed. Restarting in a few seconds...
[2025-04-17 22:04:17] Starting Adumb bot...
[2025-04-17 22:04:30] Bot exited with code 1
[2025-04-17 22:04:30] Bot crashed. Restarting in a few seconds...
[2025-04-17 22:04:33] Starting Adumb bot...
[2025-04-17 22:04:40] Bot exited with code 1
[2025-04-17 22:04:40] Bot crashed. Restarting in a few seconds...
[2025-04-17 22:04:43] Starting Adumb bot...
[2025-04-17 22:04:48] Bot exited with code 1
[2025-04-17 22:04:48] Bot crashed. Restarting in a few seconds...
[2025-04-17 22:04:51] Starting Adumb bot...
[2025-04-17 22:04:58] Bot exited with code 1
[2025-04-17 22:04:58] Bot crashed. Restarting in a few seconds...
[2025-04-17 22:05:01] Starting Adumb bot...
[2025-04-17 22:07:30] Bot exited with code 1
[2025-04-17 22:07:30] Bot crashed. Restarting in a few seconds...
[2025-04-17 22:07:32] Watchdog interrupted. Shutting down.
[2025-04-17 22:07:33] Starting Adumb bot...
[2025-04-17 22:07:52] Watchdog interrupted. Shutting down.
[2025-04-17 22:08:21] Starting Adumb bot...
[2025-04-17 22:08:26] Bot exited with code 1
[2025-04-17 22:08:26] Bot crashed. Restarting in a few seconds...
[2025-04-17 22:08:29] Starting Adumb bot...
[2025-04-17 22:16:14] Watchdog interrupted. Shutting down.
[2025-04-17 22:16:47] Starting Adumb bot...
[2025-04-17 22:16:49] Bot exited with code 1
[2025-04-17 22:16:49] Bot crashed. Restarting in a few seconds...
[2025-04-17 22:16:52] Starting Adumb bot...
[2025-04-17 22:16:53] Bot exited with code 1
[2025-04-17 22:16:53] Bot crashed. Restarting in a few seconds...
[2025-04-17 22:16:56] Starting Adumb bot...
[2025-04-17 22:16:57] Bot exited with code 1
[2025-04-17 22:16:57] Bot crashed. Restarting in a few seconds...
[2025-04-17 22:17:00] Starting Adumb bot...
[2025-04-17 22:17:02] Bot exited with code 1
[2025-04-17 22:17:02] Bot crashed. Restarting in a few seconds...
[2025-04-17 22:17:05] Starting Adumb bot...
[2025-04-17 22:17:05] Watchdog interrupted. Shutting down.
[2025-04-17 22:19:45] Starting Adumb bot...
[2025-04-17 22:19:45] Bot exited with code 1
[2025-04-17 22:19:45] Bot crashed. Restarting in a few seconds...
[2025-04-17 22:19:48] Starting Adumb bot...
[2025-04-17 22:19:49] Bot exited with code 1
[2025-04-17 22:19:49] Bot crashed. Restarting in a few seconds...
[2025-04-17 22:19:52] Starting Adumb bot...
[2025-04-17 22:19:52] Bot exited with code 1
[2025-04-17 22:19:52] Bot crashed. Restarting in a few seconds...
[2025-04-17 22:19:55] Starting Adumb bot...
[2025-04-17 22:19:55] Bot exited with code 1
[2025-04-17 22:19:55] Bot crashed. Restarting in a few seconds...
[2025-04-17 22:19:58] Starting Adumb bot...
[2025-04-17 22:19:58] Bot exited with code 1
[2025-04-17 22:19:58] Bot crashed. Restarting in a few seconds...
[2025-04-17 22:20:01] Starting Adumb bot...
[2025-04-17 22:20:01] Bot exited with code 1
[2025-04-17 22:20:01] Bot crashed. Restarting in a few seconds...
[2025-04-17 22:20:04] Starting Adumb bot...
[2025-04-17 22:20:05] Bot exited with code 1
[2025-04-17 22:20:05] Bot crashed. Restarting in a few seconds...
[2025-04-17 22:20:08] Starting Adumb bot...
[2025-04-17 22:20:08] Bot exited with code 1
[2025-04-17 22:20:08] Bot crashed. Restarting in a few seconds...
[2025-04-17 22:20:11] Starting Adumb bot...
[2025-04-17 22:20:11] Bot exited with code 1
[2025-04-17 22:20:11] Bot crashed. Restarting in a few seconds...
[2025-04-17 22:20:14] Starting Adumb bot...
[2025-04-17 22:20:14] Bot exited with code 1
[2025-04-17 22:20:14] Bot crashed. Restarting in a few seconds...
[2025-04-17 22:20:17] Starting Adumb bot...
[2025-04-17 22:20:17] Bot exited with code 1
[2025-04-17 22:20:17] Bot crashed. Restarting in a few seconds...
[2025-04-17 22:20:20] Watchdog interrupted. Shutting down.
[2025-04-17 22:20:21] Starting Adumb bot...
[2025-04-17 22:20:21] Bot exited with code 1
[2025-04-17 22:20:21] Bot crashed. Restarting in a few seconds...
[2025-04-17 22:20:24] Starting Adumb bot...
[2025-04-17 22:20:24] Bot exited with code 1
[2025-04-17 22:20:24] Bot crashed. Restarting in a few seconds...
[2025-04-17 22:20:27] Starting Adumb bot...
[2025-04-17 22:20:27] Bot exited with code 1
[2025-04-17 22:20:27] Bot crashed. Restarting in a few seconds...
[2025-04-17 22:20:30] Starting Adumb bot...
[2025-04-17 22:20:30] Bot exited with code 1
[2025-04-17 22:20:30] Bot crashed. Restarting in a few seconds...
[2025-04-17 22:20:33] Starting Adumb bot...
[2025-04-17 22:20:34] Bot exited with code 1
[2025-04-17 22:20:34] Bot crashed. Restarting in a few seconds...
[2025-04-17 22:20:36] Watchdog interrupted. Shutting down.
[2025-04-17 22:20:54] Starting Adumb bot...
[2025-04-17 22:21:01] Bot exited with code 1
[2025-04-17 22:21:01] Bot crashed. Restarting in a few seconds...
[2025-04-17 22:21:04] Starting Adumb bot...
[2025-04-17 22:21:06] Bot exited with code 1
[2025-04-17 22:21:06] Bot crashed. Restarting in a few seconds...
[2025-04-17 22:21:09] Starting Adumb bot...
[2025-04-17 22:21:11] Bot exited with code 1
[2025-04-17 22:21:11] Bot crashed. Restarting in a few seconds...
[2025-04-17 22:21:14] Starting Adumb bot...
[2025-04-17 22:21:15] Bot exited with code 1
[2025-04-17 22:21:15] Bot crashed. Restarting in a few seconds...
[2025-04-17 22:21:17] Watchdog interrupted. Shutting down.
[2025-04-17 22:21:33] Starting Adumb bot...
[2025-04-17 22:21:35] Bot exited with code 1
[2025-04-17 22:21:35] Bot crashed. Restarting in a few seconds...
[2025-04-17 22:21:38] Starting Adumb bot...
[2025-04-17 22:21:39] Bot exited with code 1
[2025-04-17 22:21:39] Bot crashed. Restarting in a few seconds...
[2025-04-17 22:21:42] Starting Adumb bot...
[2025-04-17 22:21:45] Bot exited with code 1
[2025-04-17 22:21:45] Bot crashed. Restarting in a few seconds...
[2025-04-17 22:21:47] Watchdog interrupted. Shutting down.
[2025-04-17 22:22:22] Starting Adumb bot...
[2025-04-17 22:24:15] Bot exited with code 1
[2025-04-17 22:24:15] Bot crashed. Restarting in a few seconds...
[2025-04-17 22:24:18] Starting Adumb bot...
[2025-04-17 22:24:39] Watchdog interrupted. Shutting down.
[2025-04-17 22:24:40] Starting Adumb bot...
[2025-04-17 22:25:50] Watchdog interrupted. Shutting down.
[2025-04-17 22:25:51] Starting Adumb bot...
[2025-04-17 22:26:06] Bot exited with code 1
[2025-04-17 22:26:06] Bot crashed. Restarting in a few seconds...
[2025-04-17 22:26:09] Starting Adumb bot...
[2025-04-17 22:27:05] Watchdog interrupted. Shutting down.
[2025-04-17 22:27:06] Starting Adumb bot...
[2025-04-17 22:27:26] Bot exited with code 1
[2025-04-17 22:27:26] Bot crashed. Restarting in a few seconds...
[2025-04-17 22:27:29] Starting Adumb bot...
[2025-04-17 22:28:35] Watchdog interrupted. Shutting down.
[2025-04-17 22:28:36] Starting Adumb bot...
[2025-04-17 22:28:37] Bot exited with code 1
[2025-04-17 22:28:37] Bot crashed. Restarting in a few seconds...
[2025-04-17 22:28:40] Starting Adumb bot...
[2025-04-17 22:28:42] Bot exited with code 1
[2025-04-17 22:28:42] Bot crashed. Restarting in a few seconds...
[2025-04-17 22:28:45] Starting Adumb bot...
[2025-04-17 22:28:46] Bot exited with code 1
[2025-04-17 22:28:46] Bot crashed. Restarting in a few seconds...
[2025-04-17 22:28:49] Starting Adumb bot...
[2025-04-17 22:28:51] Bot exited with code 1
[2025-04-17 22:28:51] Bot crashed. Restarting in a few seconds...
[2025-04-17 22:28:54] Starting Adumb bot...
[2025-04-17 22:28:56] Bot exited with code 1
[2025-04-17 22:28:56] Bot crashed. Restarting in a few seconds...
[2025-04-17 22:28:59] Watchdog interrupted. Shutting down.
[2025-04-17 22:29:39] Starting Adumb bot...
[2025-04-17 22:29:40] Bot exited with code 1
[2025-04-17 22:29:40] Bot crashed. Restarting in a few seconds...
[2025-04-17 22:29:43] Starting Adumb bot...
[2025-04-17 22:29:45] Bot exited with code 1
[2025-04-17 22:29:45] Bot crashed. Restarting in a few seconds...
[2025-04-17 22:29:48] Starting Adumb bot...
[2025-04-17 22:29:49] Bot exited with code 1
[2025-04-17 22:29:49] Bot crashed. Restarting in a few seconds...
[2025-04-17 22:29:52] Starting Adumb bot...
[2025-04-17 22:29:54] Bot exited with code 1
[2025-04-17 22:29:54] Bot crashed. Restarting in a few seconds...
[2025-04-17 22:29:57] Starting Adumb bot...
[2025-04-17 22:29:59] Bot exited with code 1
[2025-04-17 22:29:59] Bot crashed. Restarting in a few seconds...
[2025-04-17 22:30:00] Watchdog interrupted. Shutting down.
[2025-04-17 22:30:46] Starting Adumb bot...
[2025-04-17 22:31:13] Bot exited with code 1
[2025-04-17 22:31:13] Bot crashed. Restarting in a few seconds...
[2025-04-17 22:31:16] Starting Adumb bot...
[2025-04-17 22:31:21] Watchdog interrupted. Shutting down.
[2025-04-17 22:31:57] Starting Adumb bot...
[2025-04-17 22:33:21] Bot exited with code 1
[2025-04-17 22:33:21] Bot crashed. Restarting in a few seconds...
[2025-04-17 22:33:24] Starting Adumb bot...
[2025-04-17 22:35:31] Watchdog interrupted. Shutting down.
[2025-04-17 22:35:31] Starting Adumb bot...
[2025-04-17 22:37:19] Watchdog interrupted. Shutting down.
[2025-04-17 22:37:19] Starting Adumb bot...
[2025-04-17 22:37:39] Bot exited with code 1
[2025-04-17 22:37:39] Bot crashed. Restarting in a few seconds...
[2025-04-17 22:37:42] Starting Adumb bot...
[2025-04-17 22:37:52] Watchdog interrupted. Shutting down.
[2025-04-17 22:39:00] Starting Adumb bot...
[2025-04-17 22:39:00] Bot exited with code 0
[2025-04-17 22:39:00] Bot exited cleanly. Watchdog will stop.
[2025-04-17 22:39:04] Starting Adumb bot...
[2025-04-17 22:39:04] Bot exited with code 0
[2025-04-17 22:39:04] Bot exited cleanly. Watchdog will stop.
[2025-04-17 22:39:29] Starting Adumb bot...
[2025-04-17 22:39:29] Bot exited with code 0
[2025-04-17 22:39:29] Bot exited cleanly. Watchdog will stop.
[2025-04-17 22:39:59] Starting Adumb bot...
[2025-04-17 22:41:36] Watchdog interrupted. Shutting down.
[2025-04-17 22:41:40] Starting Adumb bot...
[2025-04-17 22:43:53] Watchdog interrupted. Shutting down.
[2025-04-17 22:43:53] Starting Adumb bot...
[2025-04-17 22:45:05] Watchdog interrupted. Shutting down.
[2025-04-17 22:45:06] Starting Adumb bot...
[2025-04-17 22:45:35] Watchdog interrupted. Shutting down.
[2025-04-17 22:46:10] Starting Adumb bot...
[2025-04-17 22:46:34] Watchdog interrupted. Shutting down.
[2025-04-17 22:46:35] Starting Adumb bot...
[2025-04-17 22:46:51] Bot exited with code 1
[2025-04-17 22:46:51] Bot crashed. Restarting in a few seconds...
[2025-04-17 22:46:54] Starting Adumb bot...
[2025-04-17 22:47:06] Bot exited with code 1
[2025-04-17 22:47:06] Bot crashed. Restarting in a few seconds...
[2025-04-17 22:47:09] Starting Adumb bot...
[2025-04-17 22:47:15] Bot exited with code 1
[2025-04-17 22:47:15] Bot crashed. Restarting in a few seconds...
[2025-04-17 22:47:18] Starting Adumb bot...
[2025-04-17 22:49:24] Watchdog interrupted. Shutting down.
[2025-04-17 22:49:30] Starting Adumb bot...
[2025-04-17 22:50:20] Watchdog interrupted. Shutting down.
[2025-04-17 22:51:25] Starting Adumb bot...
[2025-04-17 22:51:25] Bot exited with code 1
[2025-04-17 22:51:25] Bot crashed. Restarting in a few seconds...
[2025-04-17 22:51:28] Starting Adumb bot...
[2025-04-17 22:51:28] Bot exited with code 1
[2025-04-17 22:51:28] Bot crashed. Restarting in a few seconds...
[2025-04-17 22:51:31] Starting Adumb bot...
[2025-04-17 22:51:31] Bot exited with code 1
[2025-04-17 22:51:31] Bot crashed. Restarting in a few seconds...
[2025-04-17 22:51:34] Starting Adumb bot...
[2025-04-17 23:06:50] Watchdog interrupted. Shutting down.
[2025-04-17 23:10:22] Starting Adumb bot...
[2025-04-17 23:28:50] Watchdog interrupted. Shutting down.
[2025-04-17 23:37:08] Starting Adumb bot...
[2025-04-17 23:38:12] Watchdog interrupted. Shutting down.
[2025-04-17 23:38:12] Starting Adumb bot...
[2025-04-17 23:41:20] Watchdog interrupted. Shutting down.
[2025-04-17 23:41:21] Starting Adumb bot...
[2025-04-17 23:41:52] Watchdog interrupted. Shutting down.
[2025-04-17 23:44:13] Starting Adumb bot...
[2025-04-17 23:44:13] Bot exited with code 1
[2025-04-17 23:44:13] Bot crashed. Restarting in a few seconds...
[2025-04-17 23:44:16] Starting Adumb bot...
[2025-04-17 23:44:17] Bot exited with code 1
[2025-04-17 23:44:17] Bot crashed. Restarting in a few seconds...
[2025-04-17 23:44:20] Starting Adumb bot...
[2025-04-17 23:44:20] Bot exited with code 1
[2025-04-17 23:44:20] Bot crashed. Restarting in a few seconds...
[2025-04-17 23:44:23] Starting Adumb bot...
[2025-04-17 23:44:23] Bot exited with code 1
[2025-04-17 23:44:23] Bot crashed. Restarting in a few seconds...
[2025-04-17 23:44:27] Starting Adumb bot...
[2025-04-17 23:44:27] Bot exited with code 1
[2025-04-17 23:44:27] Bot crashed. Restarting in a few seconds...
[2025-04-17 23:44:30] Starting Adumb bot...
[2025-04-17 23:44:30] Bot exited with code 1
[2025-04-17 23:44:30] Bot crashed. Restarting in a few seconds...
[2025-04-17 23:44:33] Starting Adumb bot...
[2025-04-17 23:44:55] Watchdog interrupted. Shutting down.
[2025-04-18 12:18:07] Starting Adumb bot...
[2025-04-18 12:18:41] Bot exited with code 1
[2025-04-18 12:18:41] Bot crashed. Restarting in a few seconds...
[2025-04-18 12:18:44] Starting Adumb bot...
[2025-04-18 12:18:53] Watchdog interrupted. Shutting down.
[2025-04-18 12:19:07] Starting Adumb bot...
[2025-04-18 12:19:33] Bot exited with code 1
[2025-04-18 12:19:33] Bot crashed. Restarting in a few seconds...
[2025-04-18 12:19:36] Starting Adumb bot...
[2025-04-18 12:19:44] Watchdog interrupted. Shutting down.
[2025-04-18 12:19:56] Starting Adumb bot...
[2025-04-18 12:20:43] Bot exited with code 1
[2025-04-18 12:20:43] Bot crashed. Restarting in a few seconds...
[2025-04-18 12:20:46] Starting Adumb bot...
[2025-04-18 12:20:57] Bot exited with code 1
[2025-04-18 12:20:57] Bot crashed. Restarting in a few seconds...
[2025-04-18 12:21:00] Starting Adumb bot...
[2025-04-18 12:21:09] Bot exited with code 1
[2025-04-18 12:21:09] Bot crashed. Restarting in a few seconds...
[2025-04-18 12:21:12] Starting Adumb bot...
[2025-04-18 12:21:40] Bot exited with code 1
[2025-04-18 12:21:40] Bot crashed. Restarting in a few seconds...
[2025-04-18 12:21:43] Starting Adumb bot...
[2025-04-18 12:21:59] Bot exited with code 1
[2025-04-18 12:21:59] Bot crashed. Restarting in a few seconds...
[2025-04-18 12:22:02] Starting Adumb bot...
[2025-04-18 12:22:34] Bot exited with code 1
[2025-04-18 12:22:34] Bot crashed. Restarting in a few seconds...
[2025-04-18 12:22:37] Starting Adumb bot...
[2025-04-18 12:22:43] Bot exited with code 1
[2025-04-18 12:22:43] Bot crashed. Restarting in a few seconds...
[2025-04-18 12:22:46] Starting Adumb bot...
[2025-04-18 12:23:04] Watchdog interrupted. Shutting down.
[2025-04-18 12:23:09] Starting Adumb bot...
[2025-04-18 12:23:59] Bot exited with code 1
[2025-04-18 12:23:59] Bot crashed. Restarting in a few seconds...
[2025-04-18 12:24:02] Starting Adumb bot...
[2025-04-18 12:24:26] Bot exited with code 1
[2025-04-18 12:24:26] Bot crashed. Restarting in a few seconds...
[2025-04-18 12:24:29] Starting Adumb bot...
[2025-04-18 12:24:31] Bot exited with code 1
[2025-04-18 12:24:31] Bot crashed. Restarting in a few seconds...
[2025-04-18 12:24:34] Starting Adumb bot...
[2025-04-18 12:24:47] Bot exited with code 1
[2025-04-18 12:24:47] Bot crashed. Restarting in a few seconds...
[2025-04-18 12:24:50] Starting Adumb bot...
[2025-04-18 12:26:24] Bot exited with code 1
[2025-04-18 12:26:24] Bot crashed. Restarting in a few seconds...
[2025-04-18 12:26:27] Starting Adumb bot...
[2025-04-18 12:26:35] Watchdog interrupted. Shutting down.
[2025-04-18 12:26:42] Starting Adumb bot...
[2025-04-18 12:27:18] Bot exited with code 1
[2025-04-18 12:27:18] Bot crashed. Restarting in a few seconds...
[2025-04-18 12:27:21] Starting Adumb bot...
[2025-04-18 12:27:53] Bot exited with code 1
[2025-04-18 12:27:53] Bot crashed. Restarting in a few seconds...
[2025-04-18 12:27:56] Starting Adumb bot...
[2025-04-18 12:28:03] Bot exited with code 1
[2025-04-18 12:28:03] Bot crashed. Restarting in a few seconds...
[2025-04-18 12:28:06] Starting Adumb bot...
[2025-04-18 12:28:51] Bot exited with code 1
[2025-04-18 12:28:51] Bot crashed. Restarting in a few seconds...
[2025-04-18 12:28:54] Starting Adumb bot...
[2025-04-18 12:39:25] Watchdog interrupted. Shutting down.
